# JRE version: OpenJDK Runtime Environment (8.0_242-b01) (build 1.8.0_242-release-1644-b01)
# Java VM: OpenJDK 64-Bit Server VM (25.242-b01 mixed mode windows-amd64 compressed oops)
Heap:
 PSYoungGen      total 299008K, used 17996K [0x00000000d5580000, 0x00000000ec280000, 0x0000000100000000)
  eden space 259072K, 6% used [0x00000000d5580000,0x00000000d67133e0,0x00000000e5280000)
  from space 39936K, 0% used [0x00000000e8500000,0x00000000e8500000,0x00000000eac00000)
  to   space 51712K, 0% used [0x00000000e5280000,0x00000000e5280000,0x00000000e8500000)
 ParOldGen       total 224256K, used 101423K [0x0000000080000000, 0x000000008db00000, 0x00000000d5580000)
  object space 224256K, 45% used [0x0000000080000000,0x000000008630bcd8,0x000000008db00000)
 Metaspace       used 94661K, capacity 98918K, committed 100376K, reserved 1136640K
  class space    used 12644K, capacity 13513K, committed 13872K, reserved 1048576K
GC Heap History (10 events):
Event: 36.669 GC heap before
{Heap before GC invocations=16 (full 3):
 PSYoungGen      total 214016K, used 213992K [0x00000000d5580000, 0x00000000e4980000, 0x0000000100000000)
  eden space 192512K, 100% used [0x00000000d5580000,0x00000000e1180000,0x00000000e1180000)
  from space 21504K, 99% used [0x00000000e2b80000,0x00000000e407a050,0x00000000e4080000)
  to   space 26624K, 0% used [0x00000000e1180000,0x00000000e1180000,0x00000000e2b80000)
 ParOldGen       total 224256K, used 42444K [0x0000000080000000, 0x000000008db00000, 0x00000000d5580000)
  object space 224256K, 18% used [0x0000000080000000,0x00000000829733a8,0x000000008db00000)
 Metaspace       used 71350K, capacity 74806K, committed 74904K, reserved 1114112K
  class space    used 9714K, capacity 10402K, committed 10416K, reserved 1048576K
Event: 36.716 GC heap after
Heap after GC invocations=16 (full 3):
 PSYoungGen      total 219136K, used 26600K [0x00000000d5580000, 0x00000000e7800000, 0x0000000100000000)
  eden space 192512K, 0% used [0x00000000d5580000,0x00000000d5580000,0x00000000e1180000)
  from space 26624K, 99% used [0x00000000e1180000,0x00000000e2b7a090,0x00000000e2b80000)
  to   space 33280K, 0% used [0x00000000e5780000,0x00000000e5780000,0x00000000e7800000)
 ParOldGen       total 224256K, used 50200K [0x0000000080000000, 0x000000008db00000, 0x00000000d5580000)
  object space 224256K, 22% used [0x0000000080000000,0x0000000083106240,0x000000008db00000)
 Metaspace       used 71350K, capacity 74806K, committed 74904K, reserved 1114112K
  class space    used 9714K, capacity 10402K, committed 10416K, reserved 1048576K
}
Event: 45.158 GC heap before
{Heap before GC invocations=17 (full 3):
 PSYoungGen      total 219136K, used 219112K [0x00000000d5580000, 0x00000000e7800000, 0x0000000100000000)
  eden space 192512K, 100% used [0x00000000d5580000,0x00000000e1180000,0x00000000e1180000)
  from space 26624K, 99% used [0x00000000e1180000,0x00000000e2b7a090,0x00000000e2b80000)
  to   space 33280K, 0% used [0x00000000e5780000,0x00000000e5780000,0x00000000e7800000)
 ParOldGen       total 224256K, used 50200K [0x0000000080000000, 0x000000008db00000, 0x00000000d5580000)
  object space 224256K, 22% used [0x0000000080000000,0x0000000083106240,0x000000008db00000)
 Metaspace       used 75594K, capacity 79170K, committed 79256K, reserved 1118208K
  class space    used 10232K, capacity 10912K, committed 10928K, reserved 1048576K
Event: 45.236 GC heap after
Heap after GC invocations=17 (full 3):
 PSYoungGen      total 262144K, used 26223K [0x00000000d5580000, 0x00000000e7b80000, 0x0000000100000000)
  eden space 228864K, 0% used [0x00000000d5580000,0x00000000d5580000,0x00000000e3500000)
  from space 33280K, 78% used [0x00000000e5780000,0x00000000e711bdf0,0x00000000e7800000)
  to   space 35328K, 0% used [0x00000000e3500000,0x00000000e3500000,0x00000000e5780000)
 ParOldGen       total 224256K, used 67782K [0x0000000080000000, 0x000000008db00000, 0x00000000d5580000)
  object space 224256K, 30% used [0x0000000080000000,0x0000000084231ab0,0x000000008db00000)
 Metaspace       used 75594K, capacity 79170K, committed 79256K, reserved 1118208K
  class space    used 10232K, capacity 10912K, committed 10928K, reserved 1048576K
}
Event: 53.509 GC heap before
{Heap before GC invocations=18 (full 3):
 PSYoungGen      total 262144K, used 255087K [0x00000000d5580000, 0x00000000e7b80000, 0x0000000100000000)
  eden space 228864K, 100% used [0x00000000d5580000,0x00000000e3500000,0x00000000e3500000)
  from space 33280K, 78% used [0x00000000e5780000,0x00000000e711bdf0,0x00000000e7800000)
  to   space 35328K, 0% used [0x00000000e3500000,0x00000000e3500000,0x00000000e5780000)
 ParOldGen       total 224256K, used 67782K [0x0000000080000000, 0x000000008db00000, 0x00000000d5580000)
  object space 224256K, 30% used [0x0000000080000000,0x0000000084231ab0,0x000000008db00000)
 Metaspace       used 81023K, capacity 84788K, committed 84888K, reserved 1122304K
  class space    used 10928K, capacity 11631K, committed 11696K, reserved 1048576K
Event: 53.557 GC heap after
Heap after GC invocations=18 (full 3):
 PSYoungGen      total 264192K, used 33223K [0x00000000d5580000, 0x00000000eac00000, 0x0000000100000000)
  eden space 228864K, 0% used [0x00000000d5580000,0x00000000d5580000,0x00000000e3500000)
  from space 35328K, 94% used [0x00000000e3500000,0x00000000e5571e60,0x00000000e5780000)
  to   space 39936K, 0% used [0x00000000e8500000,0x00000000e8500000,0x00000000eac00000)
 ParOldGen       total 224256K, used 67790K [0x0000000080000000, 0x000000008db00000, 0x00000000d5580000)
  object space 224256K, 30% used [0x0000000080000000,0x0000000084233ab0,0x000000008db00000)
 Metaspace       used 81023K, capacity 84788K, committed 84888K, reserved 1122304K
  class space    used 10928K, capacity 11631K, committed 11696K, reserved 1048576K
}
Event: 68.158 GC heap before
{Heap before GC invocations=19 (full 3):
 PSYoungGen      total 264192K, used 254843K [0x00000000d5580000, 0x00000000eac00000, 0x0000000100000000)
  eden space 228864K, 96% used [0x00000000d5580000,0x00000000e2decf40,0x00000000e3500000)
  from space 35328K, 94% used [0x00000000e3500000,0x00000000e5571e60,0x00000000e5780000)
  to   space 39936K, 0% used [0x00000000e8500000,0x00000000e8500000,0x00000000eac00000)
 ParOldGen       total 224256K, used 67790K [0x0000000080000000, 0x000000008db00000, 0x00000000d5580000)
  object space 224256K, 30% used [0x0000000080000000,0x0000000084233ab0,0x000000008db00000)
 Metaspace       used 93509K, capacity 98498K, committed 98584K, reserved 1134592K
  class space    used 12581K, capacity 13565K, committed 13616K, reserved 1048576K
Event: 68.273 GC heap after
Heap after GC invocations=19 (full 3):
 PSYoungGen      total 299008K, used 39912K [0x00000000d5580000, 0x00000000ec280000, 0x0000000100000000)
  eden space 259072K, 0% used [0x00000000d5580000,0x00000000d5580000,0x00000000e5280000)
  from space 39936K, 99% used [0x00000000e8500000,0x00000000eabfa3c8,0x00000000eac00000)
  to   space 51712K, 0% used [0x00000000e5280000,0x00000000e5280000,0x00000000e8500000)
 ParOldGen       total 224256K, used 83331K [0x0000000080000000, 0x000000008db00000, 0x00000000d5580000)
  object space 224256K, 37% used [0x0000000080000000,0x0000000085160c10,0x000000008db00000)
 Metaspace       used 93509K, capacity 98498K, committed 98584K, reserved 1134592K
  class space    used 12581K, capacity 13565K, committed 13616K, reserved 1048576K
}
Event: 68.273 GC heap before
{Heap before GC invocations=20 (full 4):
 PSYoungGen      total 299008K, used 39912K [0x00000000d5580000, 0x00000000ec280000, 0x0000000100000000)
  eden space 259072K, 0% used [0x00000000d5580000,0x00000000d5580000,0x00000000e5280000)
  from space 39936K, 99% used [0x00000000e8500000,0x00000000eabfa3c8,0x00000000eac00000)
  to   space 51712K, 0% used [0x00000000e5280000,0x00000000e5280000,0x00000000e8500000)
 ParOldGen       total 224256K, used 83331K [0x0000000080000000, 0x000000008db00000, 0x00000000d5580000)
  object space 224256K, 37% used [0x0000000080000000,0x0000000085160c10,0x000000008db00000)
 Metaspace       used 93509K, capacity 98498K, committed 98584K, reserved 1134592K
  class space    used 12581K, capacity 13565K, committed 13616K, reserved 1048576K
Event: 68.702 GC heap after
Heap after GC invocations=20 (full 4):
 PSYoungGen      total 299008K, used 0K [0x00000000d5580000, 0x00000000ec280000, 0x0000000100000000)
  eden space 259072K, 0% used [0x00000000d5580000,0x00000000d5580000,0x00000000e5280000)
  from space 39936K, 0% used [0x00000000e8500000,0x00000000e8500000,0x00000000eac00000)
  to   space 51712K, 0% used [0x00000000e5280000,0x00000000e5280000,0x00000000e8500000)
 ParOldGen       total 224256K, used 101423K [0x0000000080000000, 0x000000008db00000, 0x00000000d5580000)
  object space 224256K, 45% used [0x0000000080000000,0x000000008630bcd8,0x000000008db00000)
 Metaspace       used 92796K, capacity 96610K, committed 98584K, reserved 1134592K
  class space    used 12335K, capacity 13129K, committed 13616K, reserved 1048576K
}

