# JRE version: OpenJDK Runtime Environment (8.0_242-b01) (build 1.8.0_242-release-1644-b01)
# Java VM: OpenJDK 64-Bit Server VM (25.242-b01 mixed mode windows-amd64 compressed oops)
Heap:
 PSYoungGen      total 219648K, used 206769K [0x00000000d5580000, 0x00000000e4b00000, 0x0000000100000000)
  eden space 195584K, 93% used [0x00000000d5580000,0x00000000e07edb18,0x00000000e1480000)
  from space 24064K, 99% used [0x00000000e1480000,0x00000000e2bfea50,0x00000000e2c00000)
  to   space 21504K, 99% used [0x00000000e2c00000,0x00000000e40fea60,0x00000000e4100000)
 ParOldGen       total 229376K, used 67036K [0x0000000080000000, 0x000000008e000000, 0x00000000d5580000)
  object space 229376K, 29% used [0x0000000080000000,0x0000000084181158,0x000000008e000000)
 Metaspace       used 79185K, capacity 84506K, committed 84632K, reserved 1140736K
  class space    used 11149K, capacity 12164K, committed 12208K, reserved 1048576K
GC Heap History (10 events):
Event: 13.838 GC heap after
Heap after GC invocations=12 (full 2):
 PSYoungGen      total 182784K, used 16381K [0x00000000d5580000, 0x00000000e3980000, 0x0000000100000000)
  eden space 166400K, 0% used [0x00000000d5580000,0x00000000d5580000,0x00000000df800000)
  from space 16384K, 99% used [0x00000000e0b80000,0x00000000e1b7f440,0x00000000e1b80000)
  to   space 19968K, 0% used [0x00000000df800000,0x00000000df800000,0x00000000e0b80000)
 ParOldGen       total 150528K, used 31057K [0x0000000080000000, 0x0000000089300000, 0x00000000d5580000)
  object space 150528K, 20% used [0x0000000080000000,0x0000000081e54540,0x0000000089300000)
 Metaspace       used 56877K, capacity 59108K, committed 59160K, reserved 1099776K
  class space    used 7724K, capacity 8237K, committed 8240K, reserved 1048576K
}
Event: 13.838 GC heap before
{Heap before GC invocations=13 (full 3):
 PSYoungGen      total 182784K, used 16381K [0x00000000d5580000, 0x00000000e3980000, 0x0000000100000000)
  eden space 166400K, 0% used [0x00000000d5580000,0x00000000d5580000,0x00000000df800000)
  from space 16384K, 99% used [0x00000000e0b80000,0x00000000e1b7f440,0x00000000e1b80000)
  to   space 19968K, 0% used [0x00000000df800000,0x00000000df800000,0x00000000e0b80000)
 ParOldGen       total 150528K, used 31057K [0x0000000080000000, 0x0000000089300000, 0x00000000d5580000)
  object space 150528K, 20% used [0x0000000080000000,0x0000000081e54540,0x0000000089300000)
 Metaspace       used 56877K, capacity 59108K, committed 59160K, reserved 1099776K
  class space    used 7724K, capacity 8237K, committed 8240K, reserved 1048576K
Event: 14.118 GC heap after
Heap after GC invocations=13 (full 3):
 PSYoungGen      total 182784K, used 0K [0x00000000d5580000, 0x00000000e3980000, 0x0000000100000000)
  eden space 166400K, 0% used [0x00000000d5580000,0x00000000d5580000,0x00000000df800000)
  from space 16384K, 0% used [0x00000000e0b80000,0x00000000e0b80000,0x00000000e1b80000)
  to   space 19968K, 0% used [0x00000000df800000,0x00000000df800000,0x00000000e0b80000)
 ParOldGen       total 229376K, used 35545K [0x0000000080000000, 0x000000008e000000, 0x00000000d5580000)
  object space 229376K, 15% used [0x0000000080000000,0x00000000822b6400,0x000000008e000000)
 Metaspace       used 56847K, capacity 59006K, committed 59160K, reserved 1099776K
  class space    used 7715K, capacity 8220K, committed 8240K, reserved 1048576K
}
Event: 16.689 GC heap before
{Heap before GC invocations=14 (full 3):
 PSYoungGen      total 182784K, used 166400K [0x00000000d5580000, 0x00000000e3980000, 0x0000000100000000)
  eden space 166400K, 100% used [0x00000000d5580000,0x00000000df800000,0x00000000df800000)
  from space 16384K, 0% used [0x00000000e0b80000,0x00000000e0b80000,0x00000000e1b80000)
  to   space 19968K, 0% used [0x00000000df800000,0x00000000df800000,0x00000000e0b80000)
 ParOldGen       total 229376K, used 35545K [0x0000000080000000, 0x000000008e000000, 0x00000000d5580000)
  object space 229376K, 15% used [0x0000000080000000,0x00000000822b6400,0x000000008e000000)
 Metaspace       used 65519K, capacity 68332K, committed 68504K, reserved 1107968K
  class space    used 9012K, capacity 9599K, committed 9648K, reserved 1048576K
Event: 16.709 GC heap after
Heap after GC invocations=14 (full 3):
 PSYoungGen      total 186368K, used 17718K [0x00000000d5580000, 0x00000000e4100000, 0x0000000100000000)
  eden space 166400K, 0% used [0x00000000d5580000,0x00000000d5580000,0x00000000df800000)
  from space 19968K, 88% used [0x00000000df800000,0x00000000e094d878,0x00000000e0b80000)
  to   space 21504K, 0% used [0x00000000e2c00000,0x00000000e2c00000,0x00000000e4100000)
 ParOldGen       total 229376K, used 35553K [0x0000000080000000, 0x000000008e000000, 0x00000000d5580000)
  object space 229376K, 15% used [0x0000000080000000,0x00000000822b8400,0x000000008e000000)
 Metaspace       used 65519K, capacity 68332K, committed 68504K, reserved 1107968K
  class space    used 9012K, capacity 9599K, committed 9648K, reserved 1048576K
}
Event: 18.168 GC heap before
{Heap before GC invocations=15 (full 3):
 PSYoungGen      total 186368K, used 184118K [0x00000000d5580000, 0x00000000e4100000, 0x0000000100000000)
  eden space 166400K, 100% used [0x00000000d5580000,0x00000000df800000,0x00000000df800000)
  from space 19968K, 88% used [0x00000000df800000,0x00000000e094d878,0x00000000e0b80000)
  to   space 21504K, 0% used [0x00000000e2c00000,0x00000000e2c00000,0x00000000e4100000)
 ParOldGen       total 229376K, used 35553K [0x0000000080000000, 0x000000008e000000, 0x00000000d5580000)
  object space 229376K, 15% used [0x0000000080000000,0x00000000822b8400,0x000000008e000000)
 Metaspace       used 67262K, capacity 70900K, committed 71192K, reserved 1110016K
  class space    used 9236K, capacity 9965K, committed 10032K, reserved 1048576K
Event: 18.205 GC heap after
Heap after GC invocations=15 (full 3):
 PSYoungGen      total 217088K, used 21011K [0x00000000d5580000, 0x00000000e4b00000, 0x0000000100000000)
  eden space 195584K, 0% used [0x00000000d5580000,0x00000000d5580000,0x00000000e1480000)
  from space 21504K, 97% used [0x00000000e2c00000,0x00000000e4084e48,0x00000000e4100000)
  to   space 24064K, 0% used [0x00000000e1480000,0x00000000e1480000,0x00000000e2c00000)
 ParOldGen       total 229376K, used 35561K [0x0000000080000000, 0x000000008e000000, 0x00000000d5580000)
  object space 229376K, 15% used [0x0000000080000000,0x00000000822ba400,0x000000008e000000)
 Metaspace       used 67262K, capacity 70900K, committed 71192K, reserved 1110016K
  class space    used 9236K, capacity 9965K, committed 10032K, reserved 1048576K
}
Event: 19.687 GC heap before
{Heap before GC invocations=16 (full 3):
 PSYoungGen      total 217088K, used 216595K [0x00000000d5580000, 0x00000000e4b00000, 0x0000000100000000)
  eden space 195584K, 100% used [0x00000000d5580000,0x00000000e1480000,0x00000000e1480000)
  from space 21504K, 97% used [0x00000000e2c00000,0x00000000e4084e48,0x00000000e4100000)
  to   space 24064K, 0% used [0x00000000e1480000,0x00000000e1480000,0x00000000e2c00000)
 ParOldGen       total 229376K, used 35561K [0x0000000080000000, 0x000000008e000000, 0x00000000d5580000)
  object space 229376K, 15% used [0x0000000080000000,0x00000000822ba400,0x000000008e000000)
 Metaspace       used 71971K, capacity 75744K, committed 75928K, reserved 1114112K
  class space    used 9868K, capacity 10579K, committed 10672K, reserved 1048576K
Event: 19.725 GC heap after
Heap after GC invocations=16 (full 3):
 PSYoungGen      total 219648K, used 24058K [0x00000000d5580000, 0x00000000e4b00000, 0x0000000100000000)
  eden space 195584K, 0% used [0x00000000d5580000,0x00000000d5580000,0x00000000e1480000)
  from space 24064K, 99% used [0x00000000e1480000,0x00000000e2bfea50,0x00000000e2c00000)
  to   space 21504K, 0% used [0x00000000e2c00000,0x00000000e2c00000,0x00000000e4100000)
 ParOldGen       total 229376K, used 46246K [0x0000000080000000, 0x000000008e000000, 0x00000000d5580000)
  object space 229376K, 20% used [0x0000000080000000,0x0000000082d29938,0x000000008e000000)
 Metaspace       used 71971K, capacity 75744K, committed 75928K, reserved 1114112K
  class space    used 9868K, capacity 10579K, committed 10672K, reserved 1048576K
}
Event: 21.188 GC heap before
{Heap before GC invocations=17 (full 3):
 PSYoungGen      total 219648K, used 206769K [0x00000000d5580000, 0x00000000e4b00000, 0x0000000100000000)
  eden space 195584K, 93% used [0x00000000d5580000,0x00000000e07edb18,0x00000000e1480000)
  from space 24064K, 99% used [0x00000000e1480000,0x00000000e2bfea50,0x00000000e2c00000)
  to   space 21504K, 0% used [0x00000000e2c00000,0x00000000e2c00000,0x00000000e4100000)
 ParOldGen       total 229376K, used 46246K [0x0000000080000000, 0x000000008e000000, 0x00000000d5580000)
  object space 229376K, 20% used [0x0000000080000000,0x0000000082d29938,0x000000008e000000)
 Metaspace       used 79185K, capacity 84506K, committed 84632K, reserved 1140736K
  class space    used 11149K, capacity 12164K, committed 12208K, reserved 1048576K

