# JRE version: OpenJDK Runtime Environment (11.0.8+10) (build 11.0.8+10-b944.6842174)
# Java VM: OpenJDK 64-Bit Server VM (11.0.8+10-b944.6842174, mixed mode, tiered, compressed oops, g1 gc, windows-amd64)
Heap:
 garbage-first heap   total 245760K, used 193273K [0x0000000080000000, 0x0000000100000000)
  region size 1024K, 78 young (79872K), 6 survivors (6144K)
 Metaspace       used 122138K, capacity 125411K, committed 125616K, reserved 1159168K
  class space    used 15160K, capacity 16296K, committed 16384K, reserved 1048576K
GC Heap History (20 events):
Event: 23.627 GC heap before
{Heap before GC invocations=24 (full 0):
 garbage-first heap   total 245760K, used 193262K [0x0000000080000000, 0x0000000100000000)
  region size 1024K, 99 young (101376K), 12 survivors (12288K)
 Metaspace       used 100854K, capacity 103654K, committed 103856K, reserved 1138688K
  class space    used 12853K, capacity 13789K, committed 13824K, reserved 1048576K
}
Event: 23.638 GC heap after
{Heap after GC invocations=25 (full 0):
 garbage-first heap   total 245760K, used 111657K [0x0000000080000000, 0x0000000100000000)
  region size 1024K, 13 young (13312K), 13 survivors (13312K)
 Metaspace       used 100854K, capacity 103654K, committed 103856K, reserved 1138688K
  class space    used 12853K, capacity 13789K, committed 13824K, reserved 1048576K
}
Event: 24.502 GC heap before
{Heap before GC invocations=25 (full 0):
 garbage-first heap   total 245760K, used 196649K [0x0000000080000000, 0x0000000100000000)
  region size 1024K, 97 young (99328K), 13 survivors (13312K)
 Metaspace       used 104292K, capacity 107301K, committed 107568K, reserved 1142784K
  class space    used 13328K, capacity 14368K, committed 14464K, reserved 1048576K
}
Event: 24.515 GC heap after
{Heap after GC invocations=26 (full 0):
 garbage-first heap   total 245760K, used 116339K [0x0000000080000000, 0x0000000100000000)
  region size 1024K, 12 young (12288K), 12 survivors (12288K)
 Metaspace       used 104292K, capacity 107301K, committed 107568K, reserved 1142784K
  class space    used 13328K, capacity 14368K, committed 14464K, reserved 1048576K
}
Event: 759.071 GC heap before
{Heap before GC invocations=26 (full 0):
 garbage-first heap   total 245760K, used 200307K [0x0000000080000000, 0x0000000100000000)
  region size 1024K, 94 young (96256K), 12 survivors (12288K)
 Metaspace       used 110787K, capacity 113960K, committed 114224K, reserved 1148928K
  class space    used 13854K, capacity 14927K, committed 14976K, reserved 1048576K
}
Event: 759.083 GC heap after
{Heap after GC invocations=27 (full 0):
 garbage-first heap   total 245760K, used 119836K [0x0000000080000000, 0x0000000100000000)
  region size 1024K, 9 young (9216K), 9 survivors (9216K)
 Metaspace       used 110787K, capacity 113960K, committed 114224K, reserved 1148928K
  class space    used 13854K, capacity 14927K, committed 14976K, reserved 1048576K
}
Event: 760.032 GC heap before
{Heap before GC invocations=27 (full 0):
 garbage-first heap   total 245760K, used 201756K [0x0000000080000000, 0x0000000100000000)
  region size 1024K, 90 young (92160K), 9 survivors (9216K)
 Metaspace       used 111396K, capacity 114545K, committed 114864K, reserved 1148928K
  class space    used 13902K, capacity 14996K, committed 15104K, reserved 1048576K
}
Event: 760.056 GC heap after
{Heap after GC invocations=28 (full 0):
 garbage-first heap   total 245760K, used 124544K [0x0000000080000000, 0x0000000100000000)
  region size 1024K, 9 young (9216K), 9 survivors (9216K)
 Metaspace       used 111396K, capacity 114545K, committed 114864K, reserved 1148928K
  class space    used 13902K, capacity 14996K, committed 15104K, reserved 1048576K
}
Event: 763.130 GC heap before
{Heap before GC invocations=29 (full 0):
 garbage-first heap   total 245760K, used 202368K [0x0000000080000000, 0x0000000100000000)
  region size 1024K, 87 young (89088K), 9 survivors (9216K)
 Metaspace       used 111133K, capacity 114010K, committed 114864K, reserved 1148928K
  class space    used 13803K, capacity 14789K, committed 15104K, reserved 1048576K
}
Event: 763.137 GC heap after
{Heap after GC invocations=30 (full 0):
 garbage-first heap   total 245760K, used 122723K [0x0000000080000000, 0x0000000100000000)
  region size 1024K, 4 young (4096K), 4 survivors (4096K)
 Metaspace       used 111133K, capacity 114010K, committed 114864K, reserved 1148928K
  class space    used 13803K, capacity 14789K, committed 15104K, reserved 1048576K
}
Event: 763.468 GC heap before
{Heap before GC invocations=30 (full 0):
 garbage-first heap   total 245760K, used 129891K [0x0000000080000000, 0x0000000100000000)
  region size 1024K, 12 young (12288K), 4 survivors (4096K)
 Metaspace       used 111133K, capacity 114010K, committed 114864K, reserved 1148928K
  class space    used 13803K, capacity 14789K, committed 15104K, reserved 1048576K
}
Event: 763.473 GC heap after
{Heap after GC invocations=31 (full 0):
 garbage-first heap   total 245760K, used 121792K [0x0000000080000000, 0x0000000100000000)
  region size 1024K, 1 young (1024K), 1 survivors (1024K)
 Metaspace       used 111133K, capacity 114010K, committed 114864K, reserved 1148928K
  class space    used 13803K, capacity 14789K, committed 15104K, reserved 1048576K
}
Event: 769.086 GC heap before
{Heap before GC invocations=31 (full 0):
 garbage-first heap   total 245760K, used 206784K [0x0000000080000000, 0x0000000100000000)
  region size 1024K, 84 young (86016K), 1 survivors (1024K)
 Metaspace       used 113990K, capacity 116957K, committed 117680K, reserved 1150976K
  class space    used 14097K, capacity 15101K, committed 15360K, reserved 1048576K
}
Event: 769.097 GC heap after
{Heap after GC invocations=32 (full 0):
 garbage-first heap   total 245760K, used 123196K [0x0000000080000000, 0x0000000100000000)
  region size 1024K, 3 young (3072K), 3 survivors (3072K)
 Metaspace       used 113990K, capacity 116957K, committed 117680K, reserved 1150976K
  class space    used 14097K, capacity 15101K, committed 15360K, reserved 1048576K
}
Event: 771.882 GC heap before
{Heap before GC invocations=33 (full 0):
 garbage-first heap   total 245760K, used 207164K [0x0000000080000000, 0x0000000100000000)
  region size 1024K, 85 young (87040K), 3 survivors (3072K)
 Metaspace       used 114738K, capacity 117732K, committed 118320K, reserved 1153024K
  class space    used 14206K, capacity 15263K, committed 15488K, reserved 1048576K
}
Event: 771.896 GC heap after
{Heap after GC invocations=34 (full 0):
 garbage-first heap   total 245760K, used 128764K [0x0000000080000000, 0x0000000100000000)
  region size 1024K, 8 young (8192K), 8 survivors (8192K)
 Metaspace       used 114738K, capacity 117732K, committed 118320K, reserved 1153024K
  class space    used 14206K, capacity 15263K, committed 15488K, reserved 1048576K
}
Event: 772.003 GC heap before
{Heap before GC invocations=34 (full 0):
 garbage-first heap   total 245760K, used 131836K [0x0000000080000000, 0x0000000100000000)
  region size 1024K, 12 young (12288K), 8 survivors (8192K)
 Metaspace       used 114738K, capacity 117732K, committed 118320K, reserved 1153024K
  class space    used 14206K, capacity 15263K, committed 15488K, reserved 1048576K
}
Event: 772.019 GC heap after
{Heap after GC invocations=35 (full 0):
 garbage-first heap   total 245760K, used 115169K [0x0000000080000000, 0x0000000100000000)
  region size 1024K, 2 young (2048K), 2 survivors (2048K)
 Metaspace       used 114738K, capacity 117732K, committed 118320K, reserved 1153024K
  class space    used 14206K, capacity 15263K, committed 15488K, reserved 1048576K
}
Event: 775.120 GC heap before
{Heap before GC invocations=35 (full 0):
 garbage-first heap   total 245760K, used 202209K [0x0000000080000000, 0x0000000100000000)
  region size 1024K, 88 young (90112K), 2 survivors (2048K)
 Metaspace       used 115084K, capacity 118151K, committed 118576K, reserved 1153024K
  class space    used 14259K, capacity 15307K, committed 15488K, reserved 1048576K
}
Event: 775.130 GC heap after
{Heap after GC invocations=36 (full 0):
 garbage-first heap   total 245760K, used 119545K [0x0000000080000000, 0x0000000100000000)
  region size 1024K, 6 young (6144K), 6 survivors (6144K)
 Metaspace       used 115084K, capacity 118151K, committed 118576K, reserved 1153024K
  class space    used 14259K, capacity 15307K, committed 15488K, reserved 1048576K
}

