# JRE version: OpenJDK Runtime Environment (8.0_242-b01) (build 1.8.0_242-release-1644-b01)
# Java VM: OpenJDK 64-Bit Server VM (25.242-b01 mixed mode windows-amd64 compressed oops)
Heap:
 PSYoungGen      total 229888K, used 51126K [0x00000000d5580000, 0x00000000e5900000, 0x0000000100000000)
  eden space 207872K, 14% used [0x00000000d5580000,0x00000000d71f3528,0x00000000e2080000)
  from space 22016K, 99% used [0x00000000e3900000,0x00000000e4e7a5f8,0x00000000e4e80000)
  to   space 25088K, 0% used [0x00000000e2080000,0x00000000e2080000,0x00000000e3900000)
 ParOldGen       total 223744K, used 75205K [0x0000000080000000, 0x000000008da80000, 0x00000000d5580000)
  object space 223744K, 33% used [0x0000000080000000,0x0000000084971620,0x000000008da80000)
 Metaspace       used 82049K, capacity 87100K, committed 87320K, reserved 1124352K
  class space    used 11328K, capacity 12237K, committed 12328K, reserved 1048576K
GC Heap History (10 events):
Event: 15.089 GC heap before
{Heap before GC invocations=13 (full 3):
 PSYoungGen      total 194048K, used 16364K [0x00000000d5580000, 0x00000000e4380000, 0x0000000100000000)
  eden space 177664K, 0% used [0x00000000d5580000,0x00000000d5580000,0x00000000e0300000)
  from space 16384K, 99% used [0x00000000e1680000,0x00000000e267b330,0x00000000e2680000)
  to   space 19968K, 0% used [0x00000000e0300000,0x00000000e0300000,0x00000000e1680000)
 ParOldGen       total 146432K, used 31038K [0x0000000080000000, 0x0000000088f00000, 0x00000000d5580000)
  object space 146432K, 21% used [0x0000000080000000,0x0000000081e4fba0,0x0000000088f00000)
 Metaspace       used 56832K, capacity 59084K, committed 59160K, reserved 1099776K
  class space    used 7705K, capacity 8195K, committed 8232K, reserved 1048576K
Event: 15.353 GC heap after
Heap after GC invocations=13 (full 3):
 PSYoungGen      total 194048K, used 0K [0x00000000d5580000, 0x00000000e4380000, 0x0000000100000000)
  eden space 177664K, 0% used [0x00000000d5580000,0x00000000d5580000,0x00000000e0300000)
  from space 16384K, 0% used [0x00000000e1680000,0x00000000e1680000,0x00000000e2680000)
  to   space 19968K, 0% used [0x00000000e0300000,0x00000000e0300000,0x00000000e1680000)
 ParOldGen       total 223744K, used 35535K [0x0000000080000000, 0x000000008da80000, 0x00000000d5580000)
  object space 223744K, 15% used [0x0000000080000000,0x00000000822b3f30,0x000000008da80000)
 Metaspace       used 56818K, capacity 59036K, committed 59160K, reserved 1099776K
  class space    used 7700K, capacity 8187K, committed 8232K, reserved 1048576K
}
Event: 19.603 GC heap before
{Heap before GC invocations=14 (full 3):
 PSYoungGen      total 194048K, used 177664K [0x00000000d5580000, 0x00000000e4380000, 0x0000000100000000)
  eden space 177664K, 100% used [0x00000000d5580000,0x00000000e0300000,0x00000000e0300000)
  from space 16384K, 0% used [0x00000000e1680000,0x00000000e1680000,0x00000000e2680000)
  to   space 19968K, 0% used [0x00000000e0300000,0x00000000e0300000,0x00000000e1680000)
 ParOldGen       total 223744K, used 35535K [0x0000000080000000, 0x000000008da80000, 0x00000000d5580000)
  object space 223744K, 15% used [0x0000000080000000,0x00000000822b3f30,0x000000008da80000)
 Metaspace       used 65947K, capacity 68924K, committed 69144K, reserved 1107968K
  class space    used 9058K, capacity 9677K, committed 9768K, reserved 1048576K
Event: 19.627 GC heap after
Heap after GC invocations=14 (full 3):
 PSYoungGen      total 197632K, used 18708K [0x00000000d5580000, 0x00000000e4e80000, 0x0000000100000000)
  eden space 177664K, 0% used [0x00000000d5580000,0x00000000d5580000,0x00000000e0300000)
  from space 19968K, 93% used [0x00000000e0300000,0x00000000e1545088,0x00000000e1680000)
  to   space 22016K, 0% used [0x00000000e3900000,0x00000000e3900000,0x00000000e4e80000)
 ParOldGen       total 223744K, used 35543K [0x0000000080000000, 0x000000008da80000, 0x00000000d5580000)
  object space 223744K, 15% used [0x0000000080000000,0x00000000822b5f30,0x000000008da80000)
 Metaspace       used 65947K, capacity 68924K, committed 69144K, reserved 1107968K
  class space    used 9058K, capacity 9677K, committed 9768K, reserved 1048576K
}
Event: 21.908 GC heap before
{Heap before GC invocations=15 (full 3):
 PSYoungGen      total 197632K, used 196372K [0x00000000d5580000, 0x00000000e4e80000, 0x0000000100000000)
  eden space 177664K, 100% used [0x00000000d5580000,0x00000000e0300000,0x00000000e0300000)
  from space 19968K, 93% used [0x00000000e0300000,0x00000000e1545088,0x00000000e1680000)
  to   space 22016K, 0% used [0x00000000e3900000,0x00000000e3900000,0x00000000e4e80000)
 ParOldGen       total 223744K, used 35543K [0x0000000080000000, 0x000000008da80000, 0x00000000d5580000)
  object space 223744K, 15% used [0x0000000080000000,0x00000000822b5f30,0x000000008da80000)
 Metaspace       used 67327K, capacity 70750K, committed 70808K, reserved 1110016K
  class space    used 9191K, capacity 9884K, committed 9896K, reserved 1048576K
Event: 21.955 GC heap after
Heap after GC invocations=15 (full 3):
 PSYoungGen      total 229888K, used 21995K [0x00000000d5580000, 0x00000000e5900000, 0x0000000100000000)
  eden space 207872K, 0% used [0x00000000d5580000,0x00000000d5580000,0x00000000e2080000)
  from space 22016K, 99% used [0x00000000e3900000,0x00000000e4e7aeb0,0x00000000e4e80000)
  to   space 25088K, 0% used [0x00000000e2080000,0x00000000e2080000,0x00000000e3900000)
 ParOldGen       total 223744K, used 35985K [0x0000000080000000, 0x000000008da80000, 0x00000000d5580000)
  object space 223744K, 16% used [0x0000000080000000,0x00000000823245d0,0x000000008da80000)
 Metaspace       used 67327K, capacity 70750K, committed 70808K, reserved 1110016K
  class space    used 9191K, capacity 9884K, committed 9896K, reserved 1048576K
}
Event: 24.203 GC heap before
{Heap before GC invocations=16 (full 3):
 PSYoungGen      total 229888K, used 229867K [0x00000000d5580000, 0x00000000e5900000, 0x0000000100000000)
  eden space 207872K, 100% used [0x00000000d5580000,0x00000000e2080000,0x00000000e2080000)
  from space 22016K, 99% used [0x00000000e3900000,0x00000000e4e7aeb0,0x00000000e4e80000)
  to   space 25088K, 0% used [0x00000000e2080000,0x00000000e2080000,0x00000000e3900000)
 ParOldGen       total 223744K, used 35985K [0x0000000080000000, 0x000000008da80000, 0x00000000d5580000)
  object space 223744K, 16% used [0x0000000080000000,0x00000000823245d0,0x000000008da80000)
 Metaspace       used 71988K, capacity 75398K, committed 75544K, reserved 1114112K
  class space    used 9817K, capacity 10488K, committed 10536K, reserved 1048576K
Event: 24.242 GC heap after
Heap after GC invocations=16 (full 3):
 PSYoungGen      total 232960K, used 25083K [0x00000000d5580000, 0x00000000e5900000, 0x0000000100000000)
  eden space 207872K, 0% used [0x00000000d5580000,0x00000000d5580000,0x00000000e2080000)
  from space 25088K, 99% used [0x00000000e2080000,0x00000000e38feec0,0x00000000e3900000)
  to   space 22016K, 0% used [0x00000000e3900000,0x00000000e3900000,0x00000000e4e80000)
 ParOldGen       total 223744K, used 47560K [0x0000000080000000, 0x000000008da80000, 0x00000000d5580000)
  object space 223744K, 21% used [0x0000000080000000,0x0000000082e72328,0x000000008da80000)
 Metaspace       used 71988K, capacity 75398K, committed 75544K, reserved 1114112K
  class space    used 9817K, capacity 10488K, committed 10536K, reserved 1048576K
}
Event: 26.564 GC heap before
{Heap before GC invocations=17 (full 3):
 PSYoungGen      total 232960K, used 232955K [0x00000000d5580000, 0x00000000e5900000, 0x0000000100000000)
  eden space 207872K, 100% used [0x00000000d5580000,0x00000000e2080000,0x00000000e2080000)
  from space 25088K, 99% used [0x00000000e2080000,0x00000000e38feec0,0x00000000e3900000)
  to   space 22016K, 0% used [0x00000000e3900000,0x00000000e3900000,0x00000000e4e80000)
 ParOldGen       total 223744K, used 47560K [0x0000000080000000, 0x000000008da80000, 0x00000000d5580000)
  object space 223744K, 21% used [0x0000000080000000,0x0000000082e72328,0x000000008da80000)
 Metaspace       used 81750K, capacity 86804K, committed 87064K, reserved 1124352K
  class space    used 11321K, capacity 12233K, committed 12328K, reserved 1048576K
Event: 26.616 GC heap after
Heap after GC invocations=17 (full 3):
 PSYoungGen      total 229888K, used 21993K [0x00000000d5580000, 0x00000000e5900000, 0x0000000100000000)
  eden space 207872K, 0% used [0x00000000d5580000,0x00000000d5580000,0x00000000e2080000)
  from space 22016K, 99% used [0x00000000e3900000,0x00000000e4e7a5f8,0x00000000e4e80000)
  to   space 25088K, 0% used [0x00000000e2080000,0x00000000e2080000,0x00000000e3900000)
 ParOldGen       total 223744K, used 75205K [0x0000000080000000, 0x000000008da80000, 0x00000000d5580000)
  object space 223744K, 33% used [0x0000000080000000,0x0000000084971620,0x000000008da80000)
 Metaspace       used 81750K, capacity 86804K, committed 87064K, reserved 1124352K
  class space    used 11321K, capacity 12233K, committed 12328K, reserved 1048576K
}

